<?xml version="1.0" encoding="UTF-8"?>
<testng-results skipped="0" failed="0" ignored="0" total="1" passed="1">
  <reporter-output>
    <line>
      <![CDATA[Checking:Amount Matched]]>
    </line>
    <line>
      <![CDATA[Expected: 226.97]]>
    </line>
    <line>
      <![CDATA[Actual: 226.97]]>
    </line>
  </reporter-output>
  <suite name="Default suite" duration-ms="68318" started-at="2024-05-07T18:29:00 IST" finished-at="2024-05-07T18:30:08 IST">
    <groups>
    </groups>
    <test name="Default test" duration-ms="68318" started-at="2024-05-07T18:29:00 IST" finished-at="2024-05-07T18:30:08 IST">
      <class name="testCases.Journey">
        <test-method status="PASS" signature="beforeSuite()[pri:0, instance:testCases.Journey@5bfbf16f]" name="beforeSuite" is-config="true" duration-ms="10" started-at="2024-05-07T18:29:00 IST" finished-at="2024-05-07T18:29:00 IST">
          <reporter-output>
          </reporter-output>
        </test-method> <!-- beforeSuite -->
        <test-method status="PASS" signature="configBc(org.testng.ITestContext)[pri:0, instance:testCases.Journey@5bfbf16f]" name="configBc" is-config="true" duration-ms="306" started-at="2024-05-07T18:29:00 IST" finished-at="2024-05-07T18:29:00 IST">
          <params>
            <param index="0">
              <value>
                <![CDATA[org.testng.TestRunner@50d3bf39]]>
              </value>
            </param>
          </params>
          <reporter-output>
          </reporter-output>
        </test-method> <!-- configBc -->
        <test-method status="PASS" signature="configBm(org.testng.ITestResult)[pri:0, instance:testCases.Journey@5bfbf16f]" name="configBm" is-config="true" duration-ms="7885" started-at="2024-05-07T18:29:00 IST" finished-at="2024-05-07T18:29:08 IST">
          <params>
            <param index="0">
              <value>
                <![CDATA[[TestResult name={null} status=CREATED method=Journey.generalStoreApp()[pri:0, instance:testCases.Journey@5bfbf16f] output={null}]]]>
              </value>
            </param>
          </params>
          <reporter-output>
          </reporter-output>
        </test-method> <!-- configBm -->
        <test-method status="PASS" signature="generalStoreApp()[pri:0, instance:testCases.Journey@5bfbf16f]" name="generalStoreApp" duration-ms="58951" started-at="2024-05-07T18:29:08 IST" finished-at="2024-05-07T18:30:07 IST">
          <reporter-output>
            <line>
              <![CDATA[Checking:Amount Matched]]>
            </line>
            <line>
              <![CDATA[Expected: 226.97]]>
            </line>
            <line>
              <![CDATA[Actual: 226.97]]>
            </line>
          </reporter-output>
        </test-method> <!-- generalStoreApp -->
        <test-method status="PASS" signature="configAm(org.testng.ITestResult)[pri:0, instance:testCases.Journey@5bfbf16f]" name="configAm" is-config="true" duration-ms="1157" started-at="2024-05-07T18:30:07 IST" finished-at="2024-05-07T18:30:08 IST">
          <params>
            <param index="0">
              <value>
                <![CDATA[[TestResult name=generalStoreApp status=SUCCESS method=Journey.generalStoreApp()[pri:0, instance:testCases.Journey@5bfbf16f] output=Checking:Amount Matched]]]>
              </value>
            </param>
          </params>
          <reporter-output>
          </reporter-output>
        </test-method> <!-- configAm -->
      </class> <!-- testCases.Journey -->
    </test> <!-- Default test -->
  </suite> <!-- Default suite -->
</testng-results>
